# JRE version: OpenJDK Runtime Environment Temurin-17.0.13+11 (17.0.13+11) (build 17.0.13+11)
# Java VM: OpenJDK 64-Bit Server VM Temurin-17.0.13+11 (17.0.13+11, mixed mode, tiered, compressed oops, compressed class ptrs, g1 gc, windows-amd64)
GC Precious Log:
 CPUs: 4 total, 4 available
 Memory: 3526M
 Large Page Support: Disabled
 NUMA Support: Disabled
 Compressed Oops: Enabled (32-bit)
 Heap Region Size: 1M
 Heap Min Capacity: 8M
 Heap Initial Capacity: 56M
 Heap Max Capacity: 882M
 Pre-touch: Disabled
 Parallel Workers: 4
 Concurrent Workers: 1
 Concurrent Refinement Workers: 4
 Periodic GC: Disabled
Heap:
 garbage-first heap   total 53248K, used 32441K [0x00000000c8e00000, 0x0000000100000000)
  region size 1024K, 13 young (13312K), 3 survivors (3072K)
 Metaspace       used 56075K, committed 56512K, reserved 1114112K
  class space    used 7552K, committed 7744K, reserved 1048576K
GC Heap History (20 events):
Event: 6.997 GC heap before
{Heap before GC invocations=9 (full 0):
 garbage-first heap   total 53248K, used 28971K [0x00000000c8e00000, 0x0000000100000000)
  region size 1024K, 2 young (2048K), 1 survivors (1024K)
 Metaspace       used 26691K, committed 26944K, reserved 1114112K
  class space    used 3173K, committed 3328K, reserved 1048576K
}
Event: 7.000 GC heap after
{Heap after GC invocations=10 (full 0):
 garbage-first heap   total 53248K, used 21799K [0x00000000c8e00000, 0x0000000100000000)
  region size 1024K, 1 young (1024K), 1 survivors (1024K)
 Metaspace       used 26691K, committed 26944K, reserved 1114112K
  class space    used 3173K, committed 3328K, reserved 1048576K
}
Event: 7.022 GC heap before
{Heap before GC invocations=10 (full 0):
 garbage-first heap   total 53248K, used 25895K [0x00000000c8e00000, 0x0000000100000000)
  region size 1024K, 2 young (2048K), 1 survivors (1024K)
 Metaspace       used 26719K, committed 27008K, reserved 1114112K
  class space    used 3178K, committed 3328K, reserved 1048576K
}
Event: 7.023 GC heap after
{Heap after GC invocations=11 (full 0):
 garbage-first heap   total 53248K, used 23869K [0x00000000c8e00000, 0x0000000100000000)
  region size 1024K, 1 young (1024K), 1 survivors (1024K)
 Metaspace       used 26719K, committed 27008K, reserved 1114112K
  class space    used 3178K, committed 3328K, reserved 1048576K
}
Event: 7.098 GC heap before
{Heap before GC invocations=12 (full 0):
 garbage-first heap   total 53248K, used 26941K [0x00000000c8e00000, 0x0000000100000000)
  region size 1024K, 3 young (3072K), 1 survivors (1024K)
 Metaspace       used 27088K, committed 27328K, reserved 1114112K
  class space    used 3221K, committed 3328K, reserved 1048576K
}
Event: 7.099 GC heap after
{Heap after GC invocations=13 (full 0):
 garbage-first heap   total 53248K, used 23910K [0x00000000c8e00000, 0x0000000100000000)
  region size 1024K, 1 young (1024K), 1 survivors (1024K)
 Metaspace       used 27088K, committed 27328K, reserved 1114112K
  class space    used 3221K, committed 3328K, reserved 1048576K
}
Event: 7.189 GC heap before
{Heap before GC invocations=14 (full 0):
 garbage-first heap   total 53248K, used 29030K [0x00000000c8e00000, 0x0000000100000000)
  region size 1024K, 3 young (3072K), 1 survivors (1024K)
 Metaspace       used 27454K, committed 27712K, reserved 1114112K
  class space    used 3287K, committed 3392K, reserved 1048576K
}
Event: 7.191 GC heap after
{Heap after GC invocations=15 (full 0):
 garbage-first heap   total 53248K, used 24035K [0x00000000c8e00000, 0x0000000100000000)
  region size 1024K, 1 young (1024K), 1 survivors (1024K)
 Metaspace       used 27454K, committed 27712K, reserved 1114112K
  class space    used 3287K, committed 3392K, reserved 1048576K
}
Event: 8.603 GC heap before
{Heap before GC invocations=16 (full 0):
 garbage-first heap   total 53248K, used 46563K [0x00000000c8e00000, 0x0000000100000000)
  region size 1024K, 18 young (18432K), 1 survivors (1024K)
 Metaspace       used 31642K, committed 31936K, reserved 1114112K
  class space    used 3857K, committed 3968K, reserved 1048576K
}
Event: 8.607 GC heap after
{Heap after GC invocations=17 (full 0):
 garbage-first heap   total 53248K, used 22676K [0x00000000c8e00000, 0x0000000100000000)
  region size 1024K, 2 young (2048K), 2 survivors (2048K)
 Metaspace       used 31642K, committed 31936K, reserved 1114112K
  class space    used 3857K, committed 3968K, reserved 1048576K
}
Event: 10.892 GC heap before
{Heap before GC invocations=17 (full 0):
 garbage-first heap   total 53248K, used 40084K [0x00000000c8e00000, 0x0000000100000000)
  region size 1024K, 20 young (20480K), 2 survivors (2048K)
 Metaspace       used 37456K, committed 37824K, reserved 1114112K
  class space    used 4639K, committed 4800K, reserved 1048576K
}
Event: 10.897 GC heap after
{Heap after GC invocations=18 (full 0):
 garbage-first heap   total 53248K, used 21148K [0x00000000c8e00000, 0x0000000100000000)
  region size 1024K, 3 young (3072K), 3 survivors (3072K)
 Metaspace       used 37456K, committed 37824K, reserved 1114112K
  class space    used 4639K, committed 4800K, reserved 1048576K
}
Event: 12.193 GC heap before
{Heap before GC invocations=18 (full 0):
 garbage-first heap   total 53248K, used 40604K [0x00000000c8e00000, 0x0000000100000000)
  region size 1024K, 22 young (22528K), 3 survivors (3072K)
 Metaspace       used 42116K, committed 42432K, reserved 1114112K
  class space    used 5336K, committed 5504K, reserved 1048576K
}
Event: 12.201 GC heap after
{Heap after GC invocations=19 (full 0):
 garbage-first heap   total 53248K, used 22272K [0x00000000c8e00000, 0x0000000100000000)
  region size 1024K, 3 young (3072K), 3 survivors (3072K)
 Metaspace       used 42116K, committed 42432K, reserved 1114112K
  class space    used 5336K, committed 5504K, reserved 1048576K
}
Event: 13.293 GC heap before
{Heap before GC invocations=19 (full 0):
 garbage-first heap   total 53248K, used 32512K [0x00000000c8e00000, 0x0000000100000000)
  region size 1024K, 15 young (15360K), 3 survivors (3072K)
 Metaspace       used 45913K, committed 46208K, reserved 1114112K
  class space    used 5806K, committed 5952K, reserved 1048576K
}
Event: 13.298 GC heap after
{Heap after GC invocations=20 (full 0):
 garbage-first heap   total 53248K, used 22905K [0x00000000c8e00000, 0x0000000100000000)
  region size 1024K, 2 young (2048K), 2 survivors (2048K)
 Metaspace       used 45913K, committed 46208K, reserved 1114112K
  class space    used 5806K, committed 5952K, reserved 1048576K
}
Event: 14.485 GC heap before
{Heap before GC invocations=21 (full 0):
 garbage-first heap   total 53248K, used 42361K [0x00000000c8e00000, 0x0000000100000000)
  region size 1024K, 21 young (21504K), 2 survivors (2048K)
 Metaspace       used 50239K, committed 50624K, reserved 1114112K
  class space    used 6601K, committed 6784K, reserved 1048576K
}
Event: 14.496 GC heap after
{Heap after GC invocations=22 (full 0):
 garbage-first heap   total 53248K, used 23504K [0x00000000c8e00000, 0x0000000100000000)
  region size 1024K, 2 young (2048K), 2 survivors (2048K)
 Metaspace       used 50239K, committed 50624K, reserved 1114112K
  class space    used 6601K, committed 6784K, reserved 1048576K
}
Event: 15.324 GC heap before
{Heap before GC invocations=22 (full 0):
 garbage-first heap   total 53248K, used 41936K [0x00000000c8e00000, 0x0000000100000000)
  region size 1024K, 20 young (20480K), 2 survivors (2048K)
 Metaspace       used 53566K, committed 53952K, reserved 1114112K
  class space    used 7099K, committed 7296K, reserved 1048576K
}
Event: 15.331 GC heap after
{Heap after GC invocations=23 (full 0):
 garbage-first heap   total 53248K, used 24249K [0x00000000c8e00000, 0x0000000100000000)
  region size 1024K, 3 young (3072K), 3 survivors (3072K)
 Metaspace       used 53566K, committed 53952K, reserved 1114112K
  class space    used 7099K, committed 7296K, reserved 1048576K
}

