# JRE version: OpenJDK Runtime Environment Temurin-17.0.13+11 (17.0.13+11) (build 17.0.13+11)
# Java VM: OpenJDK 64-Bit Server VM Temurin-17.0.13+11 (17.0.13+11, mixed mode, tiered, compressed oops, compressed class ptrs, g1 gc, windows-amd64)
GC Precious Log:
 CPUs: 4 total, 4 available
 Memory: 3526M
 Large Page Support: Disabled
 NUMA Support: Disabled
 Compressed Oops: Enabled (32-bit)
 Heap Region Size: 1M
 Heap Min Capacity: 8M
 Heap Initial Capacity: 56M
 Heap Max Capacity: 882M
 Pre-touch: Disabled
 Parallel Workers: 4
 Concurrent Workers: 1
 Concurrent Refinement Workers: 4
 Periodic GC: Disabled
Heap:
 garbage-first heap   total 57344K, used 21952K [0x00000000c8e00000, 0x0000000100000000)
  region size 1024K, 2 young (2048K), 2 survivors (2048K)
 Metaspace       used 26672K, committed 26944K, reserved 1114112K
  class space    used 3173K, committed 3328K, reserved 1048576K
GC Heap History (13 events):
Event: 2.154 GC heap before
{Heap before GC invocations=0 (full 0):
 garbage-first heap   total 57344K, used 14336K [0x00000000c8e00000, 0x0000000100000000)
  region size 1024K, 13 young (13312K), 0 survivors (0K)
 Metaspace       used 10635K, committed 10880K, reserved 1114112K
  class space    used 1079K, committed 1216K, reserved 1048576K
}
Event: 2.159 GC heap after
{Heap after GC invocations=1 (full 0):
 garbage-first heap   total 57344K, used 4472K [0x00000000c8e00000, 0x0000000100000000)
  region size 1024K, 2 young (2048K), 2 survivors (2048K)
 Metaspace       used 10635K, committed 10880K, reserved 1114112K
  class space    used 1079K, committed 1216K, reserved 1048576K
}
Event: 3.482 GC heap before
{Heap before GC invocations=1 (full 0):
 garbage-first heap   total 57344K, used 21880K [0x00000000c8e00000, 0x0000000100000000)
  region size 1024K, 14 young (14336K), 2 survivors (2048K)
 Metaspace       used 16835K, committed 17088K, reserved 1114112K
  class space    used 1948K, committed 2048K, reserved 1048576K
}
Event: 3.487 GC heap after
{Heap after GC invocations=2 (full 0):
 garbage-first heap   total 57344K, used 11995K [0x00000000c8e00000, 0x0000000100000000)
  region size 1024K, 2 young (2048K), 2 survivors (2048K)
 Metaspace       used 16835K, committed 17088K, reserved 1114112K
  class space    used 1948K, committed 2048K, reserved 1048576K
}
Event: 4.084 GC heap before
{Heap before GC invocations=2 (full 0):
 garbage-first heap   total 57344K, used 20187K [0x00000000c8e00000, 0x0000000100000000)
  region size 1024K, 11 young (11264K), 2 survivors (2048K)
 Metaspace       used 21311K, committed 21504K, reserved 1114112K
  class space    used 2576K, committed 2688K, reserved 1048576K
}
Event: 4.090 GC heap after
{Heap after GC invocations=3 (full 0):
 garbage-first heap   total 57344K, used 13430K [0x00000000c8e00000, 0x0000000100000000)
  region size 1024K, 2 young (2048K), 2 survivors (2048K)
 Metaspace       used 21311K, committed 21504K, reserved 1114112K
  class space    used 2576K, committed 2688K, reserved 1048576K
}
Event: 4.440 GC heap before
{Heap before GC invocations=4 (full 0):
 garbage-first heap   total 55296K, used 31862K [0x00000000c8e00000, 0x0000000100000000)
  region size 1024K, 8 young (8192K), 2 survivors (2048K)
 Metaspace       used 24897K, committed 25152K, reserved 1114112K
  class space    used 2982K, committed 3072K, reserved 1048576K
}
Event: 4.445 GC heap after
{Heap after GC invocations=5 (full 0):
 garbage-first heap   total 55296K, used 25639K [0x00000000c8e00000, 0x0000000100000000)
  region size 1024K, 3 young (3072K), 3 survivors (3072K)
 Metaspace       used 24897K, committed 25152K, reserved 1114112K
  class space    used 2982K, committed 3072K, reserved 1048576K
}
Event: 4.583 GC heap before
{Heap before GC invocations=5 (full 0):
 garbage-first heap   total 55296K, used 28711K [0x00000000c8e00000, 0x0000000100000000)
  region size 1024K, 5 young (5120K), 3 survivors (3072K)
 Metaspace       used 26444K, committed 26752K, reserved 1114112K
  class space    used 3153K, committed 3328K, reserved 1048576K
}
Event: 4.588 GC heap after
{Heap after GC invocations=6 (full 0):
 garbage-first heap   total 55296K, used 24034K [0x00000000c8e00000, 0x0000000100000000)
  region size 1024K, 2 young (2048K), 2 survivors (2048K)
 Metaspace       used 26444K, committed 26752K, reserved 1114112K
  class space    used 3153K, committed 3328K, reserved 1048576K
}
Event: 4.589 GC heap before
{Heap before GC invocations=6 (full 0):
 garbage-first heap   total 55296K, used 26082K [0x00000000c8e00000, 0x0000000100000000)
  region size 1024K, 3 young (3072K), 2 survivors (2048K)
 Metaspace       used 26454K, committed 26752K, reserved 1114112K
  class space    used 3154K, committed 3328K, reserved 1048576K
}
Event: 4.592 GC heap after
{Heap after GC invocations=7 (full 0):
 garbage-first heap   total 55296K, used 21899K [0x00000000c8e00000, 0x0000000100000000)
  region size 1024K, 2 young (2048K), 2 survivors (2048K)
 Metaspace       used 26454K, committed 26752K, reserved 1114112K
  class space    used 3154K, committed 3328K, reserved 1048576K
}
Event: 4.687 GC heap before
{Heap before GC invocations=7 (full 0):
 garbage-first heap   total 55296K, used 24971K [0x00000000c8e00000, 0x0000000100000000)
  region size 1024K, 3 young (3072K), 2 survivors (2048K)
 Metaspace       used 26672K, committed 26944K, reserved 1114112K
  class space    used 3173K, committed 3328K, reserved 1048576K
}

