# JRE version: OpenJDK Runtime Environment Temurin-17.0.13+11 (17.0.13+11) (build 17.0.13+11)
# Java VM: OpenJDK 64-Bit Server VM Temurin-17.0.13+11 (17.0.13+11, mixed mode, tiered, compressed oops, compressed class ptrs, g1 gc, windows-amd64)
GC Precious Log:
 CPUs: 4 total, 4 available
 Memory: 3526M
 Large Page Support: Disabled
 NUMA Support: Disabled
 Compressed Oops: Enabled (32-bit)
 Heap Region Size: 1M
 Heap Min Capacity: 8M
 Heap Initial Capacity: 56M
 Heap Max Capacity: 882M
 Pre-touch: Disabled
 Parallel Workers: 4
 Concurrent Workers: 1
 Concurrent Refinement Workers: 4
 Periodic GC: Disabled
Heap:
 garbage-first heap   total 123904K, used 64897K [0x00000000c8e00000, 0x0000000100000000)
  region size 1024K, 32 young (32768K), 2 survivors (2048K)
 Metaspace       used 35495K, committed 35904K, reserved 1114112K
  class space    used 4355K, committed 4544K, reserved 1048576K
GC Heap History (20 events):
Event: 4.012 GC heap before
{Heap before GC invocations=0 (full 0):
 garbage-first heap   total 57344K, used 14336K [0x00000000c8e00000, 0x0000000100000000)
  region size 1024K, 13 young (13312K), 0 survivors (0K)
 Metaspace       used 10636K, committed 10880K, reserved 1114112K
  class space    used 1079K, committed 1216K, reserved 1048576K
}
Event: 4.024 GC heap after
{Heap after GC invocations=1 (full 0):
 garbage-first heap   total 57344K, used 4333K [0x00000000c8e00000, 0x0000000100000000)
  region size 1024K, 2 young (2048K), 2 survivors (2048K)
 Metaspace       used 10636K, committed 10880K, reserved 1114112K
  class space    used 1079K, committed 1216K, reserved 1048576K
}
Event: 7.279 GC heap before
{Heap before GC invocations=1 (full 0):
 garbage-first heap   total 57344K, used 22765K [0x00000000c8e00000, 0x0000000100000000)
  region size 1024K, 16 young (16384K), 2 survivors (2048K)
 Metaspace       used 16892K, committed 17152K, reserved 1114112K
  class space    used 1950K, committed 2048K, reserved 1048576K
}
Event: 7.286 GC heap after
{Heap after GC invocations=2 (full 0):
 garbage-first heap   total 57344K, used 11687K [0x00000000c8e00000, 0x0000000100000000)
  region size 1024K, 2 young (2048K), 2 survivors (2048K)
 Metaspace       used 16892K, committed 17152K, reserved 1114112K
  class space    used 1950K, committed 2048K, reserved 1048576K
}
Event: 14.376 GC heap before
{Heap before GC invocations=2 (full 0):
 garbage-first heap   total 57344K, used 18855K [0x00000000c8e00000, 0x0000000100000000)
  region size 1024K, 10 young (10240K), 2 survivors (2048K)
 Metaspace       used 21275K, committed 21504K, reserved 1114112K
  class space    used 2567K, committed 2688K, reserved 1048576K
}
Event: 14.393 GC heap after
{Heap after GC invocations=3 (full 0):
 garbage-first heap   total 57344K, used 13255K [0x00000000c8e00000, 0x0000000100000000)
  region size 1024K, 2 young (2048K), 2 survivors (2048K)
 Metaspace       used 21275K, committed 21504K, reserved 1114112K
  class space    used 2567K, committed 2688K, reserved 1048576K
}
Event: 16.374 GC heap before
{Heap before GC invocations=4 (full 0):
 garbage-first heap   total 51200K, used 27591K [0x00000000c8e00000, 0x0000000100000000)
  region size 1024K, 7 young (7168K), 2 survivors (2048K)
 Metaspace       used 24027K, committed 24320K, reserved 1114112K
  class space    used 2862K, committed 3008K, reserved 1048576K
}
Event: 16.378 GC heap after
{Heap after GC invocations=5 (full 0):
 garbage-first heap   total 51200K, used 23276K [0x00000000c8e00000, 0x0000000100000000)
  region size 1024K, 3 young (3072K), 3 survivors (3072K)
 Metaspace       used 24027K, committed 24320K, reserved 1114112K
  class space    used 2862K, committed 3008K, reserved 1048576K
}
Event: 16.533 GC heap before
{Heap before GC invocations=5 (full 0):
 garbage-first heap   total 51200K, used 25324K [0x00000000c8e00000, 0x0000000100000000)
  region size 1024K, 4 young (4096K), 3 survivors (3072K)
 Metaspace       used 24195K, committed 24512K, reserved 1114112K
  class space    used 2887K, committed 3072K, reserved 1048576K
}
Event: 16.537 GC heap after
{Heap after GC invocations=6 (full 0):
 garbage-first heap   total 51200K, used 21370K [0x00000000c8e00000, 0x0000000100000000)
  region size 1024K, 2 young (2048K), 2 survivors (2048K)
 Metaspace       used 24195K, committed 24512K, reserved 1114112K
  class space    used 2887K, committed 3072K, reserved 1048576K
}
Event: 16.538 GC heap before
{Heap before GC invocations=6 (full 0):
 garbage-first heap   total 51200K, used 23418K [0x00000000c8e00000, 0x0000000100000000)
  region size 1024K, 3 young (3072K), 2 survivors (2048K)
 Metaspace       used 24195K, committed 24512K, reserved 1114112K
  class space    used 2887K, committed 3072K, reserved 1048576K
}
Event: 16.539 GC heap after
{Heap after GC invocations=7 (full 0):
 garbage-first heap   total 51200K, used 19172K [0x00000000c8e00000, 0x0000000100000000)
  region size 1024K, 1 young (1024K), 1 survivors (1024K)
 Metaspace       used 24195K, committed 24512K, reserved 1114112K
  class space    used 2887K, committed 3072K, reserved 1048576K
}
Event: 18.043 GC heap before
{Heap before GC invocations=7 (full 0):
 garbage-first heap   total 51200K, used 27364K [0x00000000c8e00000, 0x0000000100000000)
  region size 1024K, 7 young (7168K), 1 survivors (1024K)
 Metaspace       used 27343K, committed 27584K, reserved 1114112K
  class space    used 3254K, committed 3392K, reserved 1048576K
}
Event: 18.046 GC heap after
{Heap after GC invocations=8 (full 0):
 garbage-first heap   total 51200K, used 19737K [0x00000000c8e00000, 0x0000000100000000)
  region size 1024K, 2 young (2048K), 2 survivors (2048K)
 Metaspace       used 27343K, committed 27584K, reserved 1114112K
  class space    used 3254K, committed 3392K, reserved 1048576K
}
Event: 18.075 GC heap before
{Heap before GC invocations=8 (full 0):
 garbage-first heap   total 51200K, used 23833K [0x00000000c8e00000, 0x0000000100000000)
  region size 1024K, 3 young (3072K), 2 survivors (2048K)
 Metaspace       used 27383K, committed 27648K, reserved 1114112K
  class space    used 3260K, committed 3392K, reserved 1048576K
}
Event: 18.078 GC heap after
{Heap after GC invocations=9 (full 0):
 garbage-first heap   total 51200K, used 20797K [0x00000000c8e00000, 0x0000000100000000)
  region size 1024K, 2 young (2048K), 2 survivors (2048K)
 Metaspace       used 27383K, committed 27648K, reserved 1114112K
  class space    used 3260K, committed 3392K, reserved 1048576K
}
Event: 18.099 GC heap before
{Heap before GC invocations=9 (full 0):
 garbage-first heap   total 51200K, used 23869K [0x00000000c8e00000, 0x0000000100000000)
  region size 1024K, 3 young (3072K), 2 survivors (2048K)
 Metaspace       used 27398K, committed 27648K, reserved 1114112K
  class space    used 3262K, committed 3392K, reserved 1048576K
}
Event: 18.101 GC heap after
{Heap after GC invocations=10 (full 0):
 garbage-first heap   total 51200K, used 21868K [0x00000000c8e00000, 0x0000000100000000)
  region size 1024K, 2 young (2048K), 2 survivors (2048K)
 Metaspace       used 27398K, committed 27648K, reserved 1114112K
  class space    used 3262K, committed 3392K, reserved 1048576K
}
Event: 18.102 GC heap before
{Heap before GC invocations=10 (full 0):
 garbage-first heap   total 51200K, used 23916K [0x00000000c8e00000, 0x0000000100000000)
  region size 1024K, 3 young (3072K), 2 survivors (2048K)
 Metaspace       used 27398K, committed 27648K, reserved 1114112K
  class space    used 3262K, committed 3392K, reserved 1048576K
}
Event: 18.105 GC heap after
{Heap after GC invocations=11 (full 0):
 garbage-first heap   total 123904K, used 23937K [0x00000000c8e00000, 0x0000000100000000)
  region size 1024K, 2 young (2048K), 2 survivors (2048K)
 Metaspace       used 27398K, committed 27648K, reserved 1114112K
  class space    used 3262K, committed 3392K, reserved 1048576K
}

