# JRE version: OpenJDK Runtime Environment Temurin-17.0.13+11 (17.0.13+11) (build 17.0.13+11)
# Java VM: OpenJDK 64-Bit Server VM Temurin-17.0.13+11 (17.0.13+11, mixed mode, tiered, compressed oops, compressed class ptrs, g1 gc, windows-amd64)
GC Precious Log:
 CPUs: 4 total, 4 available
 Memory: 3526M
 Large Page Support: Disabled
 NUMA Support: Disabled
 Compressed Oops: Enabled (32-bit)
 Heap Region Size: 1M
 Heap Min Capacity: 8M
 Heap Initial Capacity: 56M
 Heap Max Capacity: 882M
 Pre-touch: Disabled
 Parallel Workers: 4
 Concurrent Workers: 1
 Concurrent Refinement Workers: 4
 Periodic GC: Disabled
Heap:
 garbage-first heap   total 53248K, used 29539K [0x00000000c8e00000, 0x0000000100000000)
  region size 1024K, 10 young (10240K), 3 survivors (3072K)
 Metaspace       used 55261K, committed 55616K, reserved 1114112K
  class space    used 7309K, committed 7488K, reserved 1048576K
GC Heap History (20 events):
Event: 5.581 GC heap before
{Heap before GC invocations=9 (full 0):
 garbage-first heap   total 53248K, used 29011K [0x00000000c8e00000, 0x0000000100000000)
  region size 1024K, 2 young (2048K), 1 survivors (1024K)
 Metaspace       used 26670K, committed 26944K, reserved 1114112K
  class space    used 3173K, committed 3328K, reserved 1048576K
}
Event: 5.584 GC heap after
{Heap after GC invocations=10 (full 0):
 garbage-first heap   total 53248K, used 21849K [0x00000000c8e00000, 0x0000000100000000)
  region size 1024K, 1 young (1024K), 1 survivors (1024K)
 Metaspace       used 26670K, committed 26944K, reserved 1114112K
  class space    used 3173K, committed 3328K, reserved 1048576K
}
Event: 5.617 GC heap before
{Heap before GC invocations=10 (full 0):
 garbage-first heap   total 53248K, used 25945K [0x00000000c8e00000, 0x0000000100000000)
  region size 1024K, 2 young (2048K), 1 survivors (1024K)
 Metaspace       used 26670K, committed 26944K, reserved 1114112K
  class space    used 3173K, committed 3328K, reserved 1048576K
}
Event: 5.619 GC heap after
{Heap after GC invocations=11 (full 0):
 garbage-first heap   total 53248K, used 23889K [0x00000000c8e00000, 0x0000000100000000)
  region size 1024K, 1 young (1024K), 1 survivors (1024K)
 Metaspace       used 26670K, committed 26944K, reserved 1114112K
  class space    used 3173K, committed 3328K, reserved 1048576K
}
Event: 5.709 GC heap before
{Heap before GC invocations=12 (full 0):
 garbage-first heap   total 53248K, used 25937K [0x00000000c8e00000, 0x0000000100000000)
  region size 1024K, 2 young (2048K), 1 survivors (1024K)
 Metaspace       used 26725K, committed 27072K, reserved 1114112K
  class space    used 3180K, committed 3328K, reserved 1048576K
}
Event: 5.711 GC heap after
{Heap after GC invocations=13 (full 0):
 garbage-first heap   total 53248K, used 23962K [0x00000000c8e00000, 0x0000000100000000)
  region size 1024K, 1 young (1024K), 1 survivors (1024K)
 Metaspace       used 26725K, committed 27072K, reserved 1114112K
  class space    used 3180K, committed 3328K, reserved 1048576K
}
Event: 5.810 GC heap before
{Heap before GC invocations=14 (full 0):
 garbage-first heap   total 53248K, used 29082K [0x00000000c8e00000, 0x0000000100000000)
  region size 1024K, 3 young (3072K), 1 survivors (1024K)
 Metaspace       used 27157K, committed 27456K, reserved 1114112K
  class space    used 3233K, committed 3392K, reserved 1048576K
}
Event: 5.812 GC heap after
{Heap after GC invocations=15 (full 0):
 garbage-first heap   total 53248K, used 24007K [0x00000000c8e00000, 0x0000000100000000)
  region size 1024K, 1 young (1024K), 1 survivors (1024K)
 Metaspace       used 27157K, committed 27456K, reserved 1114112K
  class space    used 3233K, committed 3392K, reserved 1048576K
}
Event: 7.705 GC heap before
{Heap before GC invocations=16 (full 0):
 garbage-first heap   total 53248K, used 46535K [0x00000000c8e00000, 0x0000000100000000)
  region size 1024K, 18 young (18432K), 1 survivors (1024K)
 Metaspace       used 31263K, committed 31552K, reserved 1114112K
  class space    used 3803K, committed 3968K, reserved 1048576K
}
Event: 7.711 GC heap after
{Heap after GC invocations=17 (full 0):
 garbage-first heap   total 53248K, used 22628K [0x00000000c8e00000, 0x0000000100000000)
  region size 1024K, 2 young (2048K), 2 survivors (2048K)
 Metaspace       used 31263K, committed 31552K, reserved 1114112K
  class space    used 3803K, committed 3968K, reserved 1048576K
}
Event: 10.233 GC heap before
{Heap before GC invocations=17 (full 0):
 garbage-first heap   total 53248K, used 41060K [0x00000000c8e00000, 0x0000000100000000)
  region size 1024K, 20 young (20480K), 2 survivors (2048K)
 Metaspace       used 37231K, committed 37504K, reserved 1114112K
  class space    used 4594K, committed 4736K, reserved 1048576K
}
Event: 10.238 GC heap after
{Heap after GC invocations=18 (full 0):
 garbage-first heap   total 53248K, used 21029K [0x00000000c8e00000, 0x0000000100000000)
  region size 1024K, 3 young (3072K), 3 survivors (3072K)
 Metaspace       used 37231K, committed 37504K, reserved 1114112K
  class space    used 4594K, committed 4736K, reserved 1048576K
}
Event: 11.368 GC heap before
{Heap before GC invocations=18 (full 0):
 garbage-first heap   total 53248K, used 40485K [0x00000000c8e00000, 0x0000000100000000)
  region size 1024K, 22 young (22528K), 3 survivors (3072K)
 Metaspace       used 41913K, committed 42240K, reserved 1114112K
  class space    used 5279K, committed 5440K, reserved 1048576K
}
Event: 11.377 GC heap after
{Heap after GC invocations=19 (full 0):
 garbage-first heap   total 53248K, used 22241K [0x00000000c8e00000, 0x0000000100000000)
  region size 1024K, 3 young (3072K), 3 survivors (3072K)
 Metaspace       used 41913K, committed 42240K, reserved 1114112K
  class space    used 5279K, committed 5440K, reserved 1048576K
}
Event: 12.005 GC heap before
{Heap before GC invocations=19 (full 0):
 garbage-first heap   total 53248K, used 34529K [0x00000000c8e00000, 0x0000000100000000)
  region size 1024K, 16 young (16384K), 3 survivors (3072K)
 Metaspace       used 45626K, committed 45888K, reserved 1114112K
  class space    used 5719K, committed 5824K, reserved 1048576K
}
Event: 12.013 GC heap after
{Heap after GC invocations=20 (full 0):
 garbage-first heap   total 53248K, used 23178K [0x00000000c8e00000, 0x0000000100000000)
  region size 1024K, 3 young (3072K), 3 survivors (3072K)
 Metaspace       used 45626K, committed 45888K, reserved 1114112K
  class space    used 5719K, committed 5824K, reserved 1048576K
}
Event: 13.343 GC heap before
{Heap before GC invocations=21 (full 0):
 garbage-first heap   total 53248K, used 41610K [0x00000000c8e00000, 0x0000000100000000)
  region size 1024K, 21 young (21504K), 3 survivors (3072K)
 Metaspace       used 50290K, committed 50624K, reserved 1114112K
  class space    used 6607K, committed 6720K, reserved 1048576K
}
Event: 13.350 GC heap after
{Heap after GC invocations=22 (full 0):
 garbage-first heap   total 53248K, used 23695K [0x00000000c8e00000, 0x0000000100000000)
  region size 1024K, 2 young (2048K), 2 survivors (2048K)
 Metaspace       used 50290K, committed 50624K, reserved 1114112K
  class space    used 6607K, committed 6720K, reserved 1048576K
}
Event: 14.138 GC heap before
{Heap before GC invocations=22 (full 0):
 garbage-first heap   total 53248K, used 42127K [0x00000000c8e00000, 0x0000000100000000)
  region size 1024K, 20 young (20480K), 2 survivors (2048K)
 Metaspace       used 53347K, committed 53760K, reserved 1114112K
  class space    used 7061K, committed 7232K, reserved 1048576K
}
Event: 14.144 GC heap after
{Heap after GC invocations=23 (full 0):
 garbage-first heap   total 53248K, used 24419K [0x00000000c8e00000, 0x0000000100000000)
  region size 1024K, 3 young (3072K), 3 survivors (3072K)
 Metaspace       used 53347K, committed 53760K, reserved 1114112K
  class space    used 7061K, committed 7232K, reserved 1048576K
}

